Fri, 05 Jun 2020 07:59:37 +0800	[2]extract() expects parameter 1 to be array, null given	/app/qqconnect.app.php	117
Fri, 12 Jun 2020 02:19:31 +0800	[2]Invalid argument supplied for foreach()	/app/xwbconnect.app.php	91
Sat, 13 Jun 2020 01:24:34 +0800	[2]extract() expects parameter 1 to be array, null given	/mobile/app/qqconnect.app.php	117
Sat, 13 Jun 2020 01:52:54 +0800	[2]Invalid argument supplied for foreach()	/mobile/app/xwbconnect.app.php	91
Sat, 13 Jun 2020 03:02:33 +0800	[2]Invalid argument supplied for foreach()	/mobile/app/xwbconnect.app.php	91
Sat, 13 Jun 2020 03:49:30 +0800	[2]extract() expects parameter 1 to be array, null given	/mobile/app/qqconnect.app.php	117
Sun, 14 Jun 2020 00:06:19 +0800	[2]Invalid argument supplied for foreach()	/mobile/app/xwbconnect.app.php	91
Sun, 14 Jun 2020 00:06:42 +0800	[2]extract() expects parameter 1 to be array, null given	/mobile/app/qqconnect.app.php	117
Sun, 14 Jun 2020 00:12:19 +0800	[2]Invalid argument supplied for foreach()	/mobile/app/xwbconnect.app.php	91
Sun, 14 Jun 2020 00:17:17 +0800	[2]Invalid argument supplied for foreach()	/mobile/app/xwbconnect.app.php	91
Sun, 14 Jun 2020 00:32:27 +0800	[2]extract() expects parameter 1 to be array, null given	/mobile/app/qqconnect.app.php	117
Sun, 14 Jun 2020 00:46:16 +0800	[2]Invalid argument supplied for foreach()	/mobile/app/xwbconnect.app.php	91
Sun, 14 Jun 2020 01:34:19 +0800	[2]extract() expects parameter 1 to be array, null given	/app/qqconnect.app.php	117
Sun, 14 Jun 2020 02:53:04 +0800	[2]extract() expects parameter 1 to be array, null given	/mobile/app/qqconnect.app.php	117
Sun, 14 Jun 2020 02:53:28 +0800	[2]extract() expects parameter 1 to be array, null given	/mobile/app/qqconnect.app.php	117
Mon, 15 Jun 2020 00:02:52 +0800	[2]extract() expects parameter 1 to be array, null given	/mobile/app/qqconnect.app.php	117
Mon, 15 Jun 2020 00:03:40 +0800	[2]Invalid argument supplied for foreach()	/mobile/app/xwbconnect.app.php	91
Mon, 15 Jun 2020 00:04:27 +0800	[2]Invalid argument supplied for foreach()	/mobile/app/xwbconnect.app.php	91
Mon, 15 Jun 2020 00:10:18 +0800	[2]Invalid argument supplied for foreach()	/mobile/app/xwbconnect.app.php	91
Mon, 15 Jun 2020 00:14:42 +0800	[2]extract() expects parameter 1 to be array, null given	/mobile/app/qqconnect.app.php	117
Mon, 15 Jun 2020 00:15:06 +0800	[2]Invalid argument supplied for foreach()	/mobile/app/xwbconnect.app.php	91
Mon, 15 Jun 2020 00:17:07 +0800	[2]Invalid argument supplied for foreach()	/mobile/app/xwbconnect.app.php	91
Mon, 15 Jun 2020 00:17:31 +0800	[2]extract() expects parameter 1 to be array, null given	/mobile/app/qqconnect.app.php	117
Mon, 15 Jun 2020 00:17:54 +0800	[2]extract() expects parameter 1 to be array, null given	/mobile/app/qqconnect.app.php	117
Mon, 15 Jun 2020 00:20:21 +0800	[2]Invalid argument supplied for foreach()	/mobile/app/xwbconnect.app.php	91
Mon, 15 Jun 2020 00:20:45 +0800	[2]extract() expects parameter 1 to be array, null given	/mobile/app/qqconnect.app.php	117
Mon, 15 Jun 2020 04:54:42 +0800	[2]Invalid argument supplied for foreach()	/mobile/app/xwbconnect.app.php	91
Mon, 15 Jun 2020 04:55:06 +0800	[2]extract() expects parameter 1 to be array, null given	/mobile/app/qqconnect.app.php	117
Mon, 15 Jun 2020 04:59:32 +0800	[2]extract() expects parameter 1 to be array, null given	/mobile/app/qqconnect.app.php	117
Mon, 15 Jun 2020 04:59:55 +0800	[2]extract() expects parameter 1 to be array, null given	/mobile/app/qqconnect.app.php	117
Mon, 15 Jun 2020 05:03:05 +0800	[2]Invalid argument supplied for foreach()	/mobile/app/xwbconnect.app.php	91
Mon, 15 Jun 2020 05:03:50 +0800	[2]extract() expects parameter 1 to be array, null given	/mobile/app/qqconnect.app.php	117
Mon, 15 Jun 2020 05:06:28 +0800	[2]extract() expects parameter 1 to be array, null given	/mobile/app/qqconnect.app.php	117
Mon, 15 Jun 2020 05:08:39 +0800	[2]extract() expects parameter 1 to be array, null given	/mobile/app/qqconnect.app.php	117
Mon, 15 Jun 2020 05:09:02 +0800	[2]extract() expects parameter 1 to be array, null given	/mobile/app/qqconnect.app.php	117
Mon, 15 Jun 2020 05:09:23 +0800	[2]Invalid argument supplied for foreach()	/mobile/app/xwbconnect.app.php	91
Mon, 15 Jun 2020 05:10:55 +0800	[2]Invalid argument supplied for foreach()	/mobile/app/xwbconnect.app.php	91
Mon, 15 Jun 2020 05:11:12 +0800	[2]Invalid argument supplied for foreach()	/mobile/app/xwbconnect.app.php	91
Mon, 15 Jun 2020 05:11:53 +0800	[2]Invalid argument supplied for foreach()	/mobile/app/xwbconnect.app.php	91
Mon, 15 Jun 2020 05:13:47 +0800	[2]Invalid argument supplied for foreach()	/mobile/app/xwbconnect.app.php	91
Mon, 15 Jun 2020 05:15:45 +0800	[2]extract() expects parameter 1 to be array, null given	/mobile/app/qqconnect.app.php	117
Mon, 15 Jun 2020 05:17:56 +0800	[2]Invalid argument supplied for foreach()	/mobile/app/xwbconnect.app.php	91
Mon, 15 Jun 2020 05:19:00 +0800	[2]Invalid argument supplied for foreach()	/mobile/app/xwbconnect.app.php	91
Mon, 15 Jun 2020 05:19:20 +0800	[2]extract() expects parameter 1 to be array, null given	/mobile/app/qqconnect.app.php	117
Mon, 15 Jun 2020 05:19:41 +0800	[2]extract() expects parameter 1 to be array, null given	/mobile/app/qqconnect.app.php	117
Mon, 15 Jun 2020 05:20:36 +0800	[2]Invalid argument supplied for foreach()	/mobile/app/xwbconnect.app.php	91
Mon, 15 Jun 2020 05:21:11 +0800	[2]extract() expects parameter 1 to be array, null given	/mobile/app/qqconnect.app.php	117
Mon, 15 Jun 2020 05:21:45 +0800	[2]Invalid argument supplied for foreach()	/mobile/app/xwbconnect.app.php	91
Mon, 15 Jun 2020 05:22:38 +0800	[2]Invalid argument supplied for foreach()	/mobile/app/xwbconnect.app.php	91
Mon, 15 Jun 2020 05:23:27 +0800	[2]extract() expects parameter 1 to be array, null given	/mobile/app/qqconnect.app.php	117
Mon, 15 Jun 2020 05:24:52 +0800	[2]extract() expects parameter 1 to be array, null given	/mobile/app/qqconnect.app.php	117
Tue, 16 Jun 2020 00:12:35 +0800	[2]Invalid argument supplied for foreach()	/mobile/app/xwbconnect.app.php	91
Tue, 16 Jun 2020 00:18:38 +0800	[2]extract() expects parameter 1 to be array, null given	/mobile/app/qqconnect.app.php	117
Tue, 16 Jun 2020 01:17:55 +0800	[2]extract() expects parameter 1 to be array, null given	/mobile/app/qqconnect.app.php	117
Tue, 16 Jun 2020 01:21:38 +0800	[2]Invalid argument supplied for foreach()	/mobile/app/xwbconnect.app.php	91
Wed, 17 Jun 2020 00:32:59 +0800	[2]extract() expects parameter 1 to be array, null given	/mobile/app/qqconnect.app.php	117
Wed, 17 Jun 2020 00:34:58 +0800	[2]extract() expects parameter 1 to be array, null given	/mobile/app/qqconnect.app.php	117
Wed, 17 Jun 2020 00:41:32 +0800	[2]Invalid argument supplied for foreach()	/mobile/app/xwbconnect.app.php	91
Wed, 17 Jun 2020 01:07:25 +0800	[2]extract() expects parameter 1 to be array, null given	/mobile/app/qqconnect.app.php	117
Wed, 17 Jun 2020 01:07:50 +0800	[2]extract() expects parameter 1 to be array, null given	/mobile/app/qqconnect.app.php	117
Wed, 17 Jun 2020 01:09:54 +0800	[2]Invalid argument supplied for foreach()	/mobile/app/xwbconnect.app.php	91
Wed, 17 Jun 2020 01:13:30 +0800	[2]Invalid argument supplied for foreach()	/mobile/app/xwbconnect.app.php	91
Wed, 17 Jun 2020 01:21:49 +0800	[2]Invalid argument supplied for foreach()	/mobile/app/xwbconnect.app.php	91
Tue, 23 Jun 2020 06:32:53 +0800	[2]Invalid argument supplied for foreach()	/app/xwbconnect.app.php	91
Tue, 23 Jun 2020 06:55:24 +0800	[2]extract() expects parameter 1 to be array, null given	/app/qqconnect.app.php	117
Tue, 23 Jun 2020 07:41:23 +0800	[2]extract() expects parameter 1 to be array, null given	/app/weixinconnect.app.php	106
Wed, 24 Jun 2020 07:38:25 +0800	[2]extract() expects parameter 1 to be array, null given	/app/qqconnect.app.php	117
Fri, 26 Jun 2020 11:37:37 +0800	[2]Invalid argument supplied for foreach()	/app/xwbconnect.app.php	91
Fri, 26 Jun 2020 12:05:37 +0800	[2]extract() expects parameter 1 to be array, null given	/app/weixinconnect.app.php	106
